# JRE version: Java(TM) SE Runtime Environment (8.0_131-b11) (build 1.8.0_131-b11)
# Java VM: Java HotSpot(TM) 64-Bit Server VM (25.131-b11 mixed mode bsd-amd64 compressed oops)
Heap:
 PSYoungGen      total 76288K, used 32739K [0x000000076ab00000, 0x0000000770000000, 0x00000007c0000000)
  eden space 65536K, 33% used [0x000000076ab00000,0x000000076c07a720,0x000000076eb00000)
  from space 10752K, 99% used [0x000000076f580000,0x000000076fffe5d0,0x0000000770000000)
  to   space 10752K, 0% used [0x000000076eb00000,0x000000076eb00000,0x000000076f580000)
 ParOldGen       total 124928K, used 11973K [0x00000006c0000000, 0x00000006c7a00000, 0x000000076ab00000)
  object space 124928K, 9% used [0x00000006c0000000,0x00000006c0bb16f8,0x00000006c7a00000)
 Metaspace       used 32287K, capacity 32908K, committed 33280K, reserved 1079296K
  class space    used 3799K, capacity 3981K, committed 4096K, reserved 1048576K
GC Heap History (6 events):
Event: 5.405 GC heap before
{Heap before GC invocations=1 (full 0):
 PSYoungGen      total 76288K, used 62069K [0x000000076ab00000, 0x0000000770000000, 0x00000007c0000000)
  eden space 65536K, 94% used [0x000000076ab00000,0x000000076e79d438,0x000000076eb00000)
  from space 10752K, 0% used [0x000000076f580000,0x000000076f580000,0x0000000770000000)
  to   space 10752K, 0% used [0x000000076eb00000,0x000000076eb00000,0x000000076f580000)
 ParOldGen       total 175104K, used 0K [0x00000006c0000000, 0x00000006cab00000, 0x000000076ab00000)
  object space 175104K, 0% used [0x00000006c0000000,0x00000006c0000000,0x00000006cab00000)
 Metaspace       used 20750K, capacity 21134K, committed 21296K, reserved 1069056K
  class space    used 2273K, capacity 2412K, committed 2432K, reserved 1048576K
Event: 5.421 GC heap after
Heap after GC invocations=1 (full 0):
 PSYoungGen      total 76288K, used 10651K [0x000000076ab00000, 0x0000000770000000, 0x00000007c0000000)
  eden space 65536K, 0% used [0x000000076ab00000,0x000000076ab00000,0x000000076eb00000)
  from space 10752K, 99% used [0x000000076eb00000,0x000000076f566cf8,0x000000076f580000)
  to   space 10752K, 0% used [0x000000076f580000,0x000000076f580000,0x0000000770000000)
 ParOldGen       total 175104K, used 24K [0x00000006c0000000, 0x00000006cab00000, 0x000000076ab00000)
  object space 175104K, 0% used [0x00000006c0000000,0x00000006c0006000,0x00000006cab00000)
 Metaspace       used 20750K, capacity 21134K, committed 21296K, reserved 1069056K
  class space    used 2273K, capacity 2412K, committed 2432K, reserved 1048576K
}
Event: 5.421 GC heap before
{Heap before GC invocations=2 (full 1):
 PSYoungGen      total 76288K, used 10651K [0x000000076ab00000, 0x0000000770000000, 0x00000007c0000000)
  eden space 65536K, 0% used [0x000000076ab00000,0x000000076ab00000,0x000000076eb00000)
  from space 10752K, 99% used [0x000000076eb00000,0x000000076f566cf8,0x000000076f580000)
  to   space 10752K, 0% used [0x000000076f580000,0x000000076f580000,0x0000000770000000)
 ParOldGen       total 175104K, used 24K [0x00000006c0000000, 0x00000006cab00000, 0x000000076ab00000)
  object space 175104K, 0% used [0x00000006c0000000,0x00000006c0006000,0x00000006cab00000)
 Metaspace       used 20750K, capacity 21134K, committed 21296K, reserved 1069056K
  class space    used 2273K, capacity 2412K, committed 2432K, reserved 1048576K
Event: 5.465 GC heap after
Heap after GC invocations=2 (full 1):
 PSYoungGen      total 76288K, used 0K [0x000000076ab00000, 0x0000000770000000, 0x00000007c0000000)
  eden space 65536K, 0% used [0x000000076ab00000,0x000000076ab00000,0x000000076eb00000)
  from space 10752K, 0% used [0x000000076eb00000,0x000000076eb00000,0x000000076f580000)
  to   space 10752K, 0% used [0x000000076f580000,0x000000076f580000,0x0000000770000000)
 ParOldGen       total 124928K, used 10316K [0x00000006c0000000, 0x00000006c7a00000, 0x000000076ab00000)
  object space 124928K, 8% used [0x00000006c0000000,0x00000006c0a132c0,0x00000006c7a00000)
 Metaspace       used 20750K, capacity 21134K, committed 21296K, reserved 1069056K
  class space    used 2273K, capacity 2412K, committed 2432K, reserved 1048576K
}
Event: 28.065 GC heap before
{Heap before GC invocations=3 (full 1):
 PSYoungGen      total 76288K, used 65536K [0x000000076ab00000, 0x0000000770000000, 0x00000007c0000000)
  eden space 65536K, 100% used [0x000000076ab00000,0x000000076eb00000,0x000000076eb00000)
  from space 10752K, 0% used [0x000000076eb00000,0x000000076eb00000,0x000000076f580000)
  to   space 10752K, 0% used [0x000000076f580000,0x000000076f580000,0x0000000770000000)
 ParOldGen       total 124928K, used 10316K [0x00000006c0000000, 0x00000006c7a00000, 0x000000076ab00000)
  object space 124928K, 8% used [0x00000006c0000000,0x00000006c0a132c0,0x00000006c7a00000)
 Metaspace       used 29723K, capacity 30314K, committed 30464K, reserved 1077248K
  class space    used 3399K, capacity 3568K, committed 3584K, reserved 1048576K
Event: 28.080 GC heap after
Heap after GC invocations=3 (full 1):
 PSYoungGen      total 76288K, used 10745K [0x000000076ab00000, 0x0000000770000000, 0x00000007c0000000)
  eden space 65536K, 0% used [0x000000076ab00000,0x000000076ab00000,0x000000076eb00000)
  from space 10752K, 99% used [0x000000076f580000,0x000000076fffe5d0,0x0000000770000000)
  to   space 10752K, 0% used [0x000000076eb00000,0x000000076eb00000,0x000000076f580000)
 ParOldGen       total 124928K, used 11973K [0x00000006c0000000, 0x00000006c7a00000, 0x000000076ab00000)
  object space 124928K, 9% used [0x00000006c0000000,0x00000006c0bb16f8,0x00000006c7a00000)
 Metaspace       used 29723K, capacity 30314K, committed 30464K, reserved 1077248K
  class space    used 3399K, capacity 3568K, committed 3584K, reserved 1048576K
}

