# JRE version: Java(TM) SE Runtime Environment (8.0_131-b11) (build 1.8.0_131-b11)
# Java VM: Java HotSpot(TM) 64-Bit Server VM (25.131-b11 mixed mode bsd-amd64 compressed oops)
Heap:
 PSYoungGen      total 1381888K, used 89302K [0x000000076ab00000, 0x00000007bff80000, 0x00000007c0000000)
  eden space 1367552K, 6% used [0x000000076ab00000,0x000000077020da18,0x00000007be280000)
  from space 14336K, 1% used [0x00000007bf180000,0x00000007bf1a8000,0x00000007bff80000)
  to   space 14848K, 0% used [0x00000007be280000,0x00000007be280000,0x00000007bf100000)
 ParOldGen       total 148480K, used 24139K [0x00000006c0000000, 0x00000006c9100000, 0x000000076ab00000)
  object space 148480K, 16% used [0x00000006c0000000,0x00000006c1792f28,0x00000006c9100000)
 Metaspace       used 35005K, capacity 36020K, committed 36224K, reserved 1081344K
  class space    used 4212K, capacity 4461K, committed 4480K, reserved 1048576K
GC Heap History (10 events):
Event: 20.925 GC heap before
{Heap before GC invocations=14 (full 2):
 PSYoungGen      total 660480K, used 644579K [0x000000076ab00000, 0x00000007a6780000, 0x00000007c0000000)
  eden space 644096K, 100% used [0x000000076ab00000,0x0000000792000000,0x0000000792000000)
  from space 16384K, 2% used [0x0000000792000000,0x0000000792078f60,0x0000000793000000)
  to   space 16384K, 0% used [0x00000007a5780000,0x00000007a5780000,0x00000007a6780000)
 ParOldGen       total 148480K, used 19870K [0x00000006c0000000, 0x00000006c9100000, 0x000000076ab00000)
  object space 148480K, 13% used [0x00000006c0000000,0x00000006c1367868,0x00000006c9100000)
 Metaspace       used 34815K, capacity 35842K, committed 35968K, reserved 1081344K
  class space    used 4191K, capacity 4450K, committed 4480K, reserved 1048576K
Event: 20.930 GC heap after
Heap after GC invocations=14 (full 2):
 PSYoungGen      total 936448K, used 3314K [0x000000076ab00000, 0x00000007a5b00000, 0x00000007c0000000)
  eden space 932864K, 0% used [0x000000076ab00000,0x000000076ab00000,0x00000007a3a00000)
  from space 3584K, 92% used [0x00000007a5780000,0x00000007a5abc9c0,0x00000007a5b00000)
  to   space 15872K, 0% used [0x00000007a3c00000,0x00000007a3c00000,0x00000007a4b80000)
 ParOldGen       total 148480K, used 20236K [0x00000006c0000000, 0x00000006c9100000, 0x000000076ab00000)
  object space 148480K, 13% used [0x00000006c0000000,0x00000006c13c32e8,0x00000006c9100000)
 Metaspace       used 34815K, capacity 35842K, committed 35968K, reserved 1081344K
  class space    used 4191K, capacity 4450K, committed 4480K, reserved 1048576K
}
Event: 21.093 GC heap before
{Heap before GC invocations=15 (full 2):
 PSYoungGen      total 936448K, used 936178K [0x000000076ab00000, 0x00000007a5b00000, 0x00000007c0000000)
  eden space 932864K, 100% used [0x000000076ab00000,0x00000007a3a00000,0x00000007a3a00000)
  from space 3584K, 92% used [0x00000007a5780000,0x00000007a5abc9c0,0x00000007a5b00000)
  to   space 15872K, 0% used [0x00000007a3c00000,0x00000007a3c00000,0x00000007a4b80000)
 ParOldGen       total 148480K, used 20236K [0x00000006c0000000, 0x00000006c9100000, 0x000000076ab00000)
  object space 148480K, 13% used [0x00000006c0000000,0x00000006c13c32e8,0x00000006c9100000)
 Metaspace       used 34817K, capacity 35842K, committed 35968K, reserved 1081344K
  class space    used 4191K, capacity 4450K, committed 4480K, reserved 1048576K
Event: 21.097 GC heap after
Heap after GC invocations=15 (full 2):
 PSYoungGen      total 950784K, used 704K [0x000000076ab00000, 0x00000007bea80000, 0x00000007c0000000)
  eden space 934912K, 0% used [0x000000076ab00000,0x000000076ab00000,0x00000007a3c00000)
  from space 15872K, 4% used [0x00000007a3c00000,0x00000007a3cb0028,0x00000007a4b80000)
  to   space 15360K, 0% used [0x00000007bdb80000,0x00000007bdb80000,0x00000007bea80000)
 ParOldGen       total 148480K, used 23399K [0x00000006c0000000, 0x00000006c9100000, 0x000000076ab00000)
  object space 148480K, 15% used [0x00000006c0000000,0x00000006c16d9d58,0x00000006c9100000)
 Metaspace       used 34817K, capacity 35842K, committed 35968K, reserved 1081344K
  class space    used 4191K, capacity 4450K, committed 4480K, reserved 1048576K
}
Event: 21.392 GC heap before
{Heap before GC invocations=16 (full 2):
 PSYoungGen      total 950784K, used 935616K [0x000000076ab00000, 0x00000007bea80000, 0x00000007c0000000)
  eden space 934912K, 100% used [0x000000076ab00000,0x00000007a3c00000,0x00000007a3c00000)
  from space 15872K, 4% used [0x00000007a3c00000,0x00000007a3cb0028,0x00000007a4b80000)
  to   space 15360K, 0% used [0x00000007bdb80000,0x00000007bdb80000,0x00000007bea80000)
 ParOldGen       total 148480K, used 23399K [0x00000006c0000000, 0x00000006c9100000, 0x000000076ab00000)
  object space 148480K, 15% used [0x00000006c0000000,0x00000006c16d9d58,0x00000006c9100000)
 Metaspace       used 34827K, capacity 35842K, committed 35968K, reserved 1081344K
  class space    used 4191K, capacity 4450K, committed 4480K, reserved 1048576K
Event: 21.394 GC heap after
Heap after GC invocations=16 (full 2):
 PSYoungGen      total 1325056K, used 203K [0x000000076ab00000, 0x00000007bdc00000, 0x00000007c0000000)
  eden space 1324544K, 0% used [0x000000076ab00000,0x000000076ab00000,0x00000007bb880000)
  from space 512K, 39% used [0x00000007bdb80000,0x00000007bdbb2df0,0x00000007bdc00000)
  to   space 15360K, 0% used [0x00000007bbe00000,0x00000007bbe00000,0x00000007bcd00000)
 ParOldGen       total 148480K, used 23995K [0x00000006c0000000, 0x00000006c9100000, 0x000000076ab00000)
  object space 148480K, 16% used [0x00000006c0000000,0x00000006c176eef8,0x00000006c9100000)
 Metaspace       used 34827K, capacity 35842K, committed 35968K, reserved 1081344K
  class space    used 4191K, capacity 4450K, committed 4480K, reserved 1048576K
}
Event: 21.603 GC heap before
{Heap before GC invocations=17 (full 2):
 PSYoungGen      total 1325056K, used 1324747K [0x000000076ab00000, 0x00000007bdc00000, 0x00000007c0000000)
  eden space 1324544K, 100% used [0x000000076ab00000,0x00000007bb880000,0x00000007bb880000)
  from space 512K, 39% used [0x00000007bdb80000,0x00000007bdbb2df0,0x00000007bdc00000)
  to   space 15360K, 0% used [0x00000007bbe00000,0x00000007bbe00000,0x00000007bcd00000)
 ParOldGen       total 148480K, used 23995K [0x00000006c0000000, 0x00000006c9100000, 0x000000076ab00000)
  object space 148480K, 16% used [0x00000006c0000000,0x00000006c176eef8,0x00000006c9100000)
 Metaspace       used 34830K, capacity 35842K, committed 35968K, reserved 1081344K
  class space    used 4191K, capacity 4450K, committed 4480K, reserved 1048576K
Event: 21.605 GC heap after
Heap after GC invocations=17 (full 2):
 PSYoungGen      total 1345536K, used 144K [0x000000076ab00000, 0x00000007c0000000, 0x00000007c0000000)
  eden space 1330176K, 0% used [0x000000076ab00000,0x000000076ab00000,0x00000007bbe00000)
  from space 15360K, 0% used [0x00000007bbe00000,0x00000007bbe24010,0x00000007bcd00000)
  to   space 14848K, 0% used [0x00000007bf180000,0x00000007bf180000,0x00000007c0000000)
 ParOldGen       total 148480K, used 24091K [0x00000006c0000000, 0x00000006c9100000, 0x000000076ab00000)
  object space 148480K, 16% used [0x00000006c0000000,0x00000006c1786ee8,0x00000006c9100000)
 Metaspace       used 34830K, capacity 35842K, committed 35968K, reserved 1081344K
  class space    used 4191K, capacity 4450K, committed 4480K, reserved 1048576K
}
Event: 21.769 GC heap before
{Heap before GC invocations=18 (full 2):
 PSYoungGen      total 1345536K, used 1330320K [0x000000076ab00000, 0x00000007c0000000, 0x00000007c0000000)
  eden space 1330176K, 100% used [0x000000076ab00000,0x00000007bbe00000,0x00000007bbe00000)
  from space 15360K, 0% used [0x00000007bbe00000,0x00000007bbe24010,0x00000007bcd00000)
  to   space 14848K, 0% used [0x00000007bf180000,0x00000007bf180000,0x00000007c0000000)
 ParOldGen       total 148480K, used 24091K [0x00000006c0000000, 0x00000006c9100000, 0x000000076ab00000)
  object space 148480K, 16% used [0x00000006c0000000,0x00000006c1786ee8,0x00000006c9100000)
 Metaspace       used 34839K, capacity 35866K, committed 35968K, reserved 1081344K
  class space    used 4193K, capacity 4454K, committed 4480K, reserved 1048576K
Event: 21.771 GC heap after
Heap after GC invocations=18 (full 2):
 PSYoungGen      total 1381888K, used 160K [0x000000076ab00000, 0x00000007bff80000, 0x00000007c0000000)
  eden space 1367552K, 0% used [0x000000076ab00000,0x000000076ab00000,0x00000007be280000)
  from space 14336K, 1% used [0x00000007bf180000,0x00000007bf1a8000,0x00000007bff80000)
  to   space 14848K, 0% used [0x00000007be280000,0x00000007be280000,0x00000007bf100000)
 ParOldGen       total 148480K, used 24139K [0x00000006c0000000, 0x00000006c9100000, 0x000000076ab00000)
  object space 148480K, 16% used [0x00000006c0000000,0x00000006c1792f28,0x00000006c9100000)
 Metaspace       used 34839K, capacity 35866K, committed 35968K, reserved 1081344K
  class space    used 4193K, capacity 4454K, committed 4480K, reserved 1048576K
}

